<?xml version="1.0" encoding="UTF-8"?>
<testsuite name="com.example.restaurant.wishList.service.WishListServiceTest" tests="1" skipped="0" failures="0" errors="0" timestamp="2022-09-10T07:50:44" hostname="DESKTOP-UVTDLBF" time="1.113">
  <properties/>
  <testcase name="searchTest()" classname="com.example.restaurant.wishList.service.WishListServiceTest" time="1.113"/>
  <system-out><![CDATA[16:50:41.133 [Test worker] DEBUG org.springframework.test.context.BootstrapUtils - Instantiating CacheAwareContextLoaderDelegate from class [org.springframework.test.context.cache.DefaultCacheAwareContextLoaderDelegate]
16:50:41.156 [Test worker] DEBUG org.springframework.test.context.BootstrapUtils - Instantiating BootstrapContext using constructor [public org.springframework.test.context.support.DefaultBootstrapContext(java.lang.Class,org.springframework.test.context.CacheAwareContextLoaderDelegate)]
16:50:41.217 [Test worker] DEBUG org.springframework.test.context.BootstrapUtils - Instantiating TestContextBootstrapper for test class [com.example.restaurant.wishList.service.WishListServiceTest] from class [org.springframework.boot.test.context.SpringBootTestContextBootstrapper]
16:50:41.238 [Test worker] INFO org.springframework.boot.test.context.SpringBootTestContextBootstrapper - Neither @ContextConfiguration nor @ContextHierarchy found for test class [com.example.restaurant.wishList.service.WishListServiceTest], using SpringBootContextLoader
16:50:41.238 [Test worker] DEBUG org.springframework.test.context.support.AbstractContextLoader - Did not detect default resource location for test class [com.example.restaurant.wishList.service.WishListServiceTest]: class path resource [com/example/restaurant/wishList/service/WishListServiceTest-context.xml] does not exist
16:50:41.238 [Test worker] DEBUG org.springframework.test.context.support.AbstractContextLoader - Did not detect default resource location for test class [com.example.restaurant.wishList.service.WishListServiceTest]: class path resource [com/example/restaurant/wishList/service/WishListServiceTestContext.groovy] does not exist
16:50:41.246 [Test worker] INFO org.springframework.test.context.support.AbstractContextLoader - Could not detect default resource locations for test class [com.example.restaurant.wishList.service.WishListServiceTest]: no resource found for suffixes {-context.xml, Context.groovy}.
16:50:41.246 [Test worker] INFO org.springframework.test.context.support.AnnotationConfigContextLoaderUtils - Could not detect default configuration classes for test class [com.example.restaurant.wishList.service.WishListServiceTest]: WishListServiceTest does not declare any static, non-private, non-final, nested classes annotated with @Configuration.
16:50:41.311 [Test worker] DEBUG org.springframework.test.context.support.ActiveProfilesUtils - Could not find an 'annotation declaring class' for annotation type [org.springframework.test.context.ActiveProfiles] and class [com.example.restaurant.wishList.service.WishListServiceTest]
16:50:41.422 [Test worker] DEBUG org.springframework.context.annotation.ClassPathScanningCandidateComponentProvider - Identified candidate component class: file [C:\study\restaurant\build\classes\java\main\com\example\restaurant\RestaurantApplication.class]
16:50:41.422 [Test worker] INFO org.springframework.boot.test.context.SpringBootTestContextBootstrapper - Found @SpringBootConfiguration com.example.restaurant.RestaurantApplication for test class com.example.restaurant.wishList.service.WishListServiceTest
16:50:41.589 [Test worker] DEBUG org.springframework.boot.test.context.SpringBootTestContextBootstrapper - @TestExecutionListeners is not present for class [com.example.restaurant.wishList.service.WishListServiceTest]: using defaults.
16:50:41.593 [Test worker] INFO org.springframework.boot.test.context.SpringBootTestContextBootstrapper - Loaded default TestExecutionListener class names from location [META-INF/spring.factories]: [org.springframework.boot.test.autoconfigure.restdocs.RestDocsTestExecutionListener, org.springframework.boot.test.autoconfigure.web.client.MockRestServiceServerResetTestExecutionListener, org.springframework.boot.test.autoconfigure.web.servlet.MockMvcPrintOnlyOnFailureTestExecutionListener, org.springframework.boot.test.autoconfigure.web.servlet.WebDriverTestExecutionListener, org.springframework.boot.test.autoconfigure.webservices.client.MockWebServiceServerTestExecutionListener, org.springframework.boot.test.mock.mockito.MockitoTestExecutionListener, org.springframework.boot.test.mock.mockito.ResetMocksTestExecutionListener, org.springframework.test.context.web.ServletTestExecutionListener, org.springframework.test.context.support.DirtiesContextBeforeModesTestExecutionListener, org.springframework.test.context.event.ApplicationEventsTestExecutionListener, org.springframework.test.context.support.DependencyInjectionTestExecutionListener, org.springframework.test.context.support.DirtiesContextTestExecutionListener, org.springframework.test.context.transaction.TransactionalTestExecutionListener, org.springframework.test.context.jdbc.SqlScriptsTestExecutionListener, org.springframework.test.context.event.EventPublishingTestExecutionListener]
16:50:41.610 [Test worker] DEBUG org.springframework.boot.test.context.SpringBootTestContextBootstrapper - Skipping candidate TestExecutionListener [org.springframework.test.context.transaction.TransactionalTestExecutionListener] due to a missing dependency. Specify custom listener classes or make the default listener classes and their required dependencies available. Offending class: [org/springframework/transaction/interceptor/TransactionAttributeSource]
16:50:41.610 [Test worker] DEBUG org.springframework.boot.test.context.SpringBootTestContextBootstrapper - Skipping candidate TestExecutionListener [org.springframework.test.context.jdbc.SqlScriptsTestExecutionListener] due to a missing dependency. Specify custom listener classes or make the default listener classes and their required dependencies available. Offending class: [org/springframework/transaction/interceptor/TransactionAttribute]
16:50:41.610 [Test worker] INFO org.springframework.boot.test.context.SpringBootTestContextBootstrapper - Using TestExecutionListeners: [org.springframework.test.context.web.ServletTestExecutionListener@402f80f5, org.springframework.test.context.support.DirtiesContextBeforeModesTestExecutionListener@5bbc9f97, org.springframework.test.context.event.ApplicationEventsTestExecutionListener@133e019b, org.springframework.boot.test.mock.mockito.MockitoTestExecutionListener@41382722, org.springframework.boot.test.autoconfigure.SpringBootDependencyInjectionTestExecutionListener@7dac3fd8, org.springframework.test.context.support.DirtiesContextTestExecutionListener@425357dd, org.springframework.test.context.event.EventPublishingTestExecutionListener@2102a4d5, org.springframework.boot.test.autoconfigure.restdocs.RestDocsTestExecutionListener@210386e0, org.springframework.boot.test.autoconfigure.web.client.MockRestServiceServerResetTestExecutionListener@3d4d3fe7, org.springframework.boot.test.autoconfigure.web.servlet.MockMvcPrintOnlyOnFailureTestExecutionListener@65f87a2c, org.springframework.boot.test.autoconfigure.web.servlet.WebDriverTestExecutionListener@51684e4a, org.springframework.boot.test.autoconfigure.webservices.client.MockWebServiceServerTestExecutionListener@6ce1f601, org.springframework.boot.test.mock.mockito.ResetMocksTestExecutionListener@38875e7d]
16:50:41.610 [Test worker] DEBUG org.springframework.test.context.support.AbstractDirtiesContextTestExecutionListener - Before test class: context [DefaultTestContext@32f61a31 testClass = WishListServiceTest, testInstance = [null], testMethod = [null], testException = [null], mergedContextConfiguration = [WebMergedContextConfiguration@f5c79a6 testClass = WishListServiceTest, locations = '{}', classes = '{class com.example.restaurant.RestaurantApplication}', contextInitializerClasses = '[]', activeProfiles = '{}', propertySourceLocations = '{}', propertySourceProperties = '{org.springframework.boot.test.context.SpringBootTestContextBootstrapper=true}', contextCustomizers = set[org.springframework.boot.test.autoconfigure.actuate.metrics.MetricsExportContextCustomizerFactory$DisableMetricExportContextCustomizer@5a7005d, org.springframework.boot.test.autoconfigure.properties.PropertyMappingContextCustomizer@0, org.springframework.boot.test.autoconfigure.web.servlet.WebDriverContextCustomizerFactory$Customizer@72758afa, org.springframework.boot.test.context.filter.ExcludeFilterContextCustomizer@607fbe09, org.springframework.boot.test.json.DuplicateJsonObjectContextCustomizerFactory$DuplicateJsonObjectContextCustomizer@3382f8ae, org.springframework.boot.test.mock.mockito.MockitoContextCustomizer@0, org.springframework.boot.test.web.client.TestRestTemplateContextCustomizer@34997338, org.springframework.boot.test.context.SpringBootTestArgs@1, org.springframework.boot.test.context.SpringBootTestWebEnvironment@4bff7da0], resourceBasePath = 'src/main/webapp', contextLoader = 'org.springframework.boot.test.context.SpringBootContextLoader', parent = [null]], attributes = map['org.springframework.test.context.web.ServletTestExecutionListener.activateListener' -> true]], class annotated with @DirtiesContext [false] with mode [null].

  .   ____          _            __ _ _
 /\\ / ___'_ __ _ _(_)_ __  __ _ \ \ \ \
( ( )\___ | '_ | '_| | '_ \/ _` | \ \ \ \
 \\/  ___)| |_)| | | | | || (_| |  ) ) ) )
  '  |____| .__|_| |_|_| |_\__, | / / / /
 =========|_|==============|___/=/_/_/_/
 :: Spring Boot ::                (v2.7.3)

2022-09-10 16:50:42.265  INFO 6736 --- [    Test worker] c.e.r.w.service.WishListServiceTest      : Starting WishListServiceTest using Java 11.0.16 on DESKTOP-UVTDLBF with PID 6736 (started by godjo in C:\study\restaurant)
2022-09-10 16:50:42.265  INFO 6736 --- [    Test worker] c.e.r.w.service.WishListServiceTest      : No active profile set, falling back to 1 default profile: "default"
2022-09-10 16:50:44.504  INFO 6736 --- [    Test worker] c.e.r.w.service.WishListServiceTest      : Started WishListServiceTest in 2.833 seconds (JVM running for 4.886)
WishListDto(index=0, title=해운대암소<b>갈비집</b>, category=한식>육류,고기요리, address=부산광역시 해운대구 중동 1225-1, readAddress=null, homePageLink=http://www.해운대암소갈비.com, imageLink=https://d2uja84sd90jmv.cloudfront.net/posts/qHZ-qd3D-aApcwNemhp2ow/m.jpg, isVisit=false, visitCount=0, lastVisitDate=null)
]]></system-out>
  <system-err><![CDATA[]]></system-err>
</testsuite>
