<?xml version="1.0" encoding="UTF-8"?>
<testsuite name="com.example.restaurant.wishList.reopsitory.WishListRepositoryTest" tests="1" skipped="0" failures="0" errors="0" timestamp="2022-09-06T10:43:44" hostname="DESKTOP-UVTDLBF" time="0.445">
  <properties/>
  <testcase name="updateTest()" classname="com.example.restaurant.wishList.reopsitory.WishListRepositoryTest" time="0.445"/>
  <system-out><![CDATA[19:43:41.995 [Test worker] DEBUG org.springframework.test.context.BootstrapUtils - Instantiating CacheAwareContextLoaderDelegate from class [org.springframework.test.context.cache.DefaultCacheAwareContextLoaderDelegate]
19:43:42.008 [Test worker] DEBUG org.springframework.test.context.BootstrapUtils - Instantiating BootstrapContext using constructor [public org.springframework.test.context.support.DefaultBootstrapContext(java.lang.Class,org.springframework.test.context.CacheAwareContextLoaderDelegate)]
19:43:42.050 [Test worker] DEBUG org.springframework.test.context.BootstrapUtils - Instantiating TestContextBootstrapper for test class [com.example.restaurant.wishList.reopsitory.WishListRepositoryTest] from class [org.springframework.boot.test.context.SpringBootTestContextBootstrapper]
19:43:42.065 [Test worker] INFO org.springframework.boot.test.context.SpringBootTestContextBootstrapper - Neither @ContextConfiguration nor @ContextHierarchy found for test class [com.example.restaurant.wishList.reopsitory.WishListRepositoryTest], using SpringBootContextLoader
19:43:42.069 [Test worker] DEBUG org.springframework.test.context.support.AbstractContextLoader - Did not detect default resource location for test class [com.example.restaurant.wishList.reopsitory.WishListRepositoryTest]: class path resource [com/example/restaurant/wishList/reopsitory/WishListRepositoryTest-context.xml] does not exist
19:43:42.070 [Test worker] DEBUG org.springframework.test.context.support.AbstractContextLoader - Did not detect default resource location for test class [com.example.restaurant.wishList.reopsitory.WishListRepositoryTest]: class path resource [com/example/restaurant/wishList/reopsitory/WishListRepositoryTestContext.groovy] does not exist
19:43:42.071 [Test worker] INFO org.springframework.test.context.support.AbstractContextLoader - Could not detect default resource locations for test class [com.example.restaurant.wishList.reopsitory.WishListRepositoryTest]: no resource found for suffixes {-context.xml, Context.groovy}.
19:43:42.072 [Test worker] INFO org.springframework.test.context.support.AnnotationConfigContextLoaderUtils - Could not detect default configuration classes for test class [com.example.restaurant.wishList.reopsitory.WishListRepositoryTest]: WishListRepositoryTest does not declare any static, non-private, non-final, nested classes annotated with @Configuration.
19:43:42.122 [Test worker] DEBUG org.springframework.test.context.support.ActiveProfilesUtils - Could not find an 'annotation declaring class' for annotation type [org.springframework.test.context.ActiveProfiles] and class [com.example.restaurant.wishList.reopsitory.WishListRepositoryTest]
19:43:42.192 [Test worker] DEBUG org.springframework.context.annotation.ClassPathScanningCandidateComponentProvider - Identified candidate component class: file [C:\study\restaurant\build\classes\java\main\com\example\restaurant\RestaurantApplication.class]
19:43:42.193 [Test worker] INFO org.springframework.boot.test.context.SpringBootTestContextBootstrapper - Found @SpringBootConfiguration com.example.restaurant.RestaurantApplication for test class com.example.restaurant.wishList.reopsitory.WishListRepositoryTest
19:43:42.320 [Test worker] DEBUG org.springframework.boot.test.context.SpringBootTestContextBootstrapper - @TestExecutionListeners is not present for class [com.example.restaurant.wishList.reopsitory.WishListRepositoryTest]: using defaults.
19:43:42.321 [Test worker] INFO org.springframework.boot.test.context.SpringBootTestContextBootstrapper - Loaded default TestExecutionListener class names from location [META-INF/spring.factories]: [org.springframework.boot.test.autoconfigure.restdocs.RestDocsTestExecutionListener, org.springframework.boot.test.autoconfigure.web.client.MockRestServiceServerResetTestExecutionListener, org.springframework.boot.test.autoconfigure.web.servlet.MockMvcPrintOnlyOnFailureTestExecutionListener, org.springframework.boot.test.autoconfigure.web.servlet.WebDriverTestExecutionListener, org.springframework.boot.test.autoconfigure.webservices.client.MockWebServiceServerTestExecutionListener, org.springframework.boot.test.mock.mockito.MockitoTestExecutionListener, org.springframework.boot.test.mock.mockito.ResetMocksTestExecutionListener, org.springframework.test.context.web.ServletTestExecutionListener, org.springframework.test.context.support.DirtiesContextBeforeModesTestExecutionListener, org.springframework.test.context.event.ApplicationEventsTestExecutionListener, org.springframework.test.context.support.DependencyInjectionTestExecutionListener, org.springframework.test.context.support.DirtiesContextTestExecutionListener, org.springframework.test.context.transaction.TransactionalTestExecutionListener, org.springframework.test.context.jdbc.SqlScriptsTestExecutionListener, org.springframework.test.context.event.EventPublishingTestExecutionListener]
19:43:42.333 [Test worker] DEBUG org.springframework.boot.test.context.SpringBootTestContextBootstrapper - Skipping candidate TestExecutionListener [org.springframework.test.context.transaction.TransactionalTestExecutionListener] due to a missing dependency. Specify custom listener classes or make the default listener classes and their required dependencies available. Offending class: [org/springframework/transaction/interceptor/TransactionAttributeSource]
19:43:42.334 [Test worker] DEBUG org.springframework.boot.test.context.SpringBootTestContextBootstrapper - Skipping candidate TestExecutionListener [org.springframework.test.context.jdbc.SqlScriptsTestExecutionListener] due to a missing dependency. Specify custom listener classes or make the default listener classes and their required dependencies available. Offending class: [org/springframework/transaction/interceptor/TransactionAttribute]
19:43:42.334 [Test worker] INFO org.springframework.boot.test.context.SpringBootTestContextBootstrapper - Using TestExecutionListeners: [org.springframework.test.context.web.ServletTestExecutionListener@2a7b6f69, org.springframework.test.context.support.DirtiesContextBeforeModesTestExecutionListener@20312893, org.springframework.test.context.event.ApplicationEventsTestExecutionListener@70eecdc2, org.springframework.boot.test.mock.mockito.MockitoTestExecutionListener@c41709a, org.springframework.boot.test.autoconfigure.SpringBootDependencyInjectionTestExecutionListener@7db0565c, org.springframework.test.context.support.DirtiesContextTestExecutionListener@54ec8cc9, org.springframework.test.context.event.EventPublishingTestExecutionListener@52eacb4b, org.springframework.boot.test.autoconfigure.restdocs.RestDocsTestExecutionListener@5528a42c, org.springframework.boot.test.autoconfigure.web.client.MockRestServiceServerResetTestExecutionListener@2a551a63, org.springframework.boot.test.autoconfigure.web.servlet.MockMvcPrintOnlyOnFailureTestExecutionListener@1a6f5124, org.springframework.boot.test.autoconfigure.web.servlet.WebDriverTestExecutionListener@1edb61b1, org.springframework.boot.test.autoconfigure.webservices.client.MockWebServiceServerTestExecutionListener@ec2bf82, org.springframework.boot.test.mock.mockito.ResetMocksTestExecutionListener@cc62a3b]
19:43:42.339 [Test worker] DEBUG org.springframework.test.context.support.AbstractDirtiesContextTestExecutionListener - Before test class: context [DefaultTestContext@72bca894 testClass = WishListRepositoryTest, testInstance = [null], testMethod = [null], testException = [null], mergedContextConfiguration = [WebMergedContextConfiguration@433ffad1 testClass = WishListRepositoryTest, locations = '{}', classes = '{class com.example.restaurant.RestaurantApplication}', contextInitializerClasses = '[]', activeProfiles = '{}', propertySourceLocations = '{}', propertySourceProperties = '{org.springframework.boot.test.context.SpringBootTestContextBootstrapper=true}', contextCustomizers = set[org.springframework.boot.test.autoconfigure.actuate.metrics.MetricsExportContextCustomizerFactory$DisableMetricExportContextCustomizer@1bb564e2, org.springframework.boot.test.autoconfigure.properties.PropertyMappingContextCustomizer@0, org.springframework.boot.test.autoconfigure.web.servlet.WebDriverContextCustomizerFactory$Customizer@5c8eee0f, org.springframework.boot.test.context.filter.ExcludeFilterContextCustomizer@56a4479a, org.springframework.boot.test.json.DuplicateJsonObjectContextCustomizerFactory$DuplicateJsonObjectContextCustomizer@4504d271, org.springframework.boot.test.mock.mockito.MockitoContextCustomizer@0, org.springframework.boot.test.web.client.TestRestTemplateContextCustomizer@30bcf3c1, org.springframework.boot.test.context.SpringBootTestArgs@1, org.springframework.boot.test.context.SpringBootTestWebEnvironment@1f760b47], resourceBasePath = 'src/main/webapp', contextLoader = 'org.springframework.boot.test.context.SpringBootContextLoader', parent = [null]], attributes = map['org.springframework.test.context.web.ServletTestExecutionListener.activateListener' -> true]], class annotated with @DirtiesContext [false] with mode [null].

  .   ____          _            __ _ _
 /\\ / ___'_ __ _ _(_)_ __  __ _ \ \ \ \
( ( )\___ | '_ | '_| | '_ \/ _` | \ \ \ \
 \\/  ___)| |_)| | | | | || (_| |  ) ) ) )
  '  |____| .__|_| |_|_| |_\__, | / / / /
 =========|_|==============|___/=/_/_/_/
 :: Spring Boot ::                (v2.7.3)

2022-09-06 19:43:42.741  INFO 4072 --- [    Test worker] c.e.r.w.r.WishListRepositoryTest         : Starting WishListRepositoryTest using Java 11.0.16 on DESKTOP-UVTDLBF with PID 4072 (started by godjo in C:\study\restaurant)
2022-09-06 19:43:42.742  INFO 4072 --- [    Test worker] c.e.r.w.r.WishListRepositoryTest         : No active profile set, falling back to 1 default profile: "default"
2022-09-06 19:43:44.502  INFO 4072 --- [    Test worker] c.e.r.w.r.WishListRepositoryTest         : Started WishListRepositoryTest in 2.12 seconds (JVM running for 3.596)
]]></system-out>
  <system-err><![CDATA[]]></system-err>
</testsuite>
